<?xml version="1.0" encoding="UTF-8"?>
<!-- Generated by org.testng.reporters.JUnitXMLReporter -->
<testsuite ignored="3" hostname="DESKTOP0189" failures="0" tests="1" name="Default test" time="6.082" errors="0" timestamp="2024-12-07T05:34:19 ICT">
  <testcase classname="automation.testsuite.CodeStar_AddKhuLamViecTest" name="TC4_InputInvalidMaKLVAndTenKLVWhenAddKhuLamViec" time="1.675"/>
  <testcase classname="automation.testsuite.CodeStar_AddKhuLamViecTest" name="TC3_InputAnExistedMaKLVWhenAddKhuLamViec" time="0.0">
    <ignored/>
  </testcase> <!-- TC3_InputAnExistedMaKLVWhenAddKhuLamViec -->
  <testcase classname="automation.testsuite.CodeStar_AddKhuLamViecTest" name="TC1_AddVaXoaKhuLamViecSuccessfully" time="0.0">
    <ignored/>
  </testcase> <!-- TC1_AddVaXoaKhuLamViecSuccessfully -->
  <testcase classname="automation.testsuite.CodeStar_AddKhuLamViecTest" name="TC2_LeaveMandatoryFieldsWithBlankWhenAddKhuLamViec" time="0.0">
    <ignored/>
  </testcase> <!-- TC2_LeaveMandatoryFieldsWithBlankWhenAddKhuLamViec -->
</testsuite> <!-- Default test -->
