<?xml version="1.0" encoding="UTF-8"?>
<!-- Generated by org.testng.reporters.JUnitXMLReporter -->
<testsuite ignored="6" hostname="DESKTOP0189" failures="0" tests="1" name="Default test" time="6.528" errors="0" timestamp="2024-12-04T04:28:06 ICT">
  <testcase classname="automation.testsuite.Tedu_Test" name="TC7_ChangePasswordUnsuccessfullyWhenInputtingNewPasswordAndConfirmPasswordNoMatching" time="3.992"/>
  <testcase classname="automation.testsuite.Tedu_Test" name="TC1_SignInSuccessfully" time="0.0">
    <ignored/>
  </testcase> <!-- TC1_SignInSuccessfully -->
  <testcase classname="automation.testsuite.Tedu_Test" name="TC5_ChangePasswordUnsuccessfullyWhenInputtingWrongCurrentPassword" time="0.0">
    <ignored/>
  </testcase> <!-- TC5_ChangePasswordUnsuccessfullyWhenInputtingWrongCurrentPassword -->
  <testcase classname="automation.testsuite.Tedu_Test" name="TC4_ChangePasswordUnsuccessfullyWhenLeavingAllRequiredFieldsWithBlank" time="0.0">
    <ignored/>
  </testcase> <!-- TC4_ChangePasswordUnsuccessfullyWhenLeavingAllRequiredFieldsWithBlank -->
  <testcase classname="automation.testsuite.Tedu_Test" name="TC2_ChangePasswordSuccessfully" time="0.0">
    <ignored/>
  </testcase> <!-- TC2_ChangePasswordSuccessfully -->
  <testcase classname="automation.testsuite.Tedu_Test" name="TC3_SearchASPNET" time="0.0">
    <ignored/>
  </testcase> <!-- TC3_SearchASPNET -->
  <testcase classname="automation.testsuite.Tedu_Test" name="TC6_ChangePasswordUnsuccessfullyWhenInputtingWrongFormatNewPassword" time="0.0">
    <ignored/>
  </testcase> <!-- TC6_ChangePasswordUnsuccessfullyWhenInputtingWrongFormatNewPassword -->
</testsuite> <!-- Default test -->
