<?xml version="1.0" encoding="UTF-8"?>
<testng-results ignored="0" total="1" passed="1" failed="0" skipped="0">
  <reporter-output>
  </reporter-output>
  <suite started-at="2024-10-30T15:01:57 ICT" name="Default suite" finished-at="2024-10-30T15:01:57 ICT" duration-ms="33">
    <groups>
    </groups>
    <test started-at="2024-10-30T15:01:57 ICT" name="Default test" finished-at="2024-10-30T15:01:57 ICT" duration-ms="33">
      <class name="automation.testsuite.NhanVienTest">
        <test-method signature="NhanVienTest()[pri:0, instance:automation.testsuite.NhanVienTest@51e69659]" started-at="2024-10-30T15:01:57 ICT" name="NhanVienTest" finished-at="2024-10-30T15:01:57 ICT" duration-ms="9" status="PASS">
          <reporter-output>
          </reporter-output>
        </test-method> <!-- NhanVienTest -->
      </class> <!-- automation.testsuite.NhanVienTest -->
    </test> <!-- Default test -->
  </suite> <!-- Default suite -->
</testng-results>
