<?xml version="1.0" encoding="UTF-8"?>
<testng-results ignored="0" total="1" passed="1" failed="0" skipped="0">
  <reporter-output>
  </reporter-output>
  <suite started-at="2024-11-20T03:29:29 ICT" name="Default suite" finished-at="2024-11-20T03:29:35 ICT" duration-ms="5525">
    <groups>
    </groups>
    <test started-at="2024-11-20T03:29:29 ICT" name="Default test" finished-at="2024-11-20T03:29:35 ICT" duration-ms="5525">
      <class name="automation.testsuite.HomeWork12_SelectCountry">
        <test-method is-config="true" signature="openWebPage()[pri:0, instance:automation.testsuite.HomeWork12_SelectCountry@4efac082]" started-at="2024-11-20T03:29:29 ICT" name="openWebPage" finished-at="2024-11-20T03:29:33 ICT" duration-ms="4125" status="PASS">
          <reporter-output>
          </reporter-output>
        </test-method> <!-- openWebPage -->
        <test-method signature="selectAnyCountries()[pri:0, instance:automation.testsuite.HomeWork12_SelectCountry@4efac082]" started-at="2024-11-20T03:29:33 ICT" name="selectAnyCountries" finished-at="2024-11-20T03:29:35 ICT" duration-ms="1372" status="PASS">
          <reporter-output>
          </reporter-output>
        </test-method> <!-- selectAnyCountries -->
      </class> <!-- automation.testsuite.HomeWork12_SelectCountry -->
    </test> <!-- Default test -->
  </suite> <!-- Default suite -->
</testng-results>
