<?xml version="1.0" encoding="UTF-8"?>
<!-- Generated by org.testng.reporters.JUnitXMLReporter -->
<testsuite ignored="0" hostname="DESKTOP0189" failures="0" tests="2" name="Regression test all classes on edge" time="15.097" errors="0" timestamp="2024-12-13T02:50:17 ICT">
  <testcase classname="automation.testsuite.Day17_BepAnToan" name="Click_ChatVoiChungToi" time="4.075"/>
  <testcase classname="automation.testsuite.DienMayNhapKhau_ZaloTest" name="VerifyClickingOnZalo" time="0.255"/>
</testsuite> <!-- Regression test all classes on edge -->
