<?xml version="1.0" encoding="UTF-8"?>
<!-- Generated by org.testng.reporters.JUnitXMLReporter -->
<testsuite hostname="DESKTOP0189" ignored="0" name="Surefire test" tests="1" failures="1" timestamp="2024-10-25T01:00:10 ICT" time="0.594" errors="0">
  <testcase name="testApplication on testApplication(MavenProject.Khoa.ApplicationTest)" time="0.566" classname="MavenProject.Khoa.ApplicationTest">
    <failure type="java.lang.RuntimeException" message="Error creating local cluster">
      <![CDATA[java.lang.RuntimeException: Error creating local cluster
at org.apache.apex.engine.EmbeddedAppLauncherImpl.getController(EmbeddedAppLauncherImpl.java:122)
at org.apache.apex.engine.EmbeddedAppLauncherImpl.getController(EmbeddedAppLauncherImpl.java:46)
at MavenProject.Khoa.ApplicationTest.testApplication(ApplicationTest.java:30)
at org.junit.runners.model.FrameworkMethod$1.runReflectiveCall(FrameworkMethod.java:45)
at org.junit.internal.runners.model.ReflectiveCallable.run(ReflectiveCallable.java:15)
at org.junit.runners.model.FrameworkMethod.invokeExplosively(FrameworkMethod.java:42)
at org.junit.internal.runners.statements.InvokeMethod.evaluate(InvokeMethod.java:20)
at org.junit.runners.ParentRunner.runLeaf(ParentRunner.java:263)
at org.junit.runners.BlockJUnit4ClassRunner.runChild(BlockJUnit4ClassRunner.java:68)
at org.junit.runners.BlockJUnit4ClassRunner.runChild(BlockJUnit4ClassRunner.java:47)
at org.junit.runners.ParentRunner$3.run(ParentRunner.java:231)
at org.junit.runners.ParentRunner$1.schedule(ParentRunner.java:60)
at org.junit.runners.ParentRunner.runChildren(ParentRunner.java:229)
at org.junit.runners.ParentRunner.access$000(ParentRunner.java:50)
at org.junit.runners.ParentRunner$2.evaluate(ParentRunner.java:222)
at org.junit.runners.ParentRunner.run(ParentRunner.java:300)
at org.junit.runner.JUnitCore.run(JUnitCore.java:157)
at org.junit.runner.JUnitCore.run(JUnitCore.java:136)
at java.util.ArrayList.forEach(ArrayList.java:1257)
Caused by: java.lang.NullPointerException
at java.lang.ProcessBuilder.start(ProcessBuilder.java:1012)
at org.apache.hadoop.util.Shell.runCommand(Shell.java:482)
at org.apache.hadoop.util.Shell.run(Shell.java:455)
at org.apache.hadoop.util.Shell$ShellCommandExecutor.execute(Shell.java:715)
at org.apache.hadoop.util.Shell.execCommand(Shell.java:808)
at org.apache.hadoop.util.Shell.execCommand(Shell.java:791)
at org.apache.hadoop.fs.RawLocalFileSystem.setPermission(RawLocalFileSystem.java:656)
at org.apache.hadoop.fs.RawLocalFileSystem.create(RawLocalFileSystem.java:298)
at org.apache.hadoop.fs.FileSystem.primitiveCreate(FileSystem.java:1014)
at org.apache.hadoop.fs.DelegateToFileSystem.createInternal(DelegateToFileSystem.java:85)
at org.apache.hadoop.fs.ChecksumFs$ChecksumFSOutputSummer.<init>(ChecksumFs.java:347)
at org.apache.hadoop.fs.ChecksumFs.createInternal(ChecksumFs.java:394)
at org.apache.hadoop.fs.AbstractFileSystem.create(AbstractFileSystem.java:577)
at org.apache.hadoop.fs.FileContext$3.next(FileContext.java:680)
at org.apache.hadoop.fs.FileContext$3.next(FileContext.java:676)
at org.apache.hadoop.fs.FSLinkResolver.resolve(FSLinkResolver.java:90)
at org.apache.hadoop.fs.FileContext.create(FileContext.java:676)
at com.datatorrent.common.util.AsyncFSStorageAgent.copyToHDFS(AsyncFSStorageAgent.java:119)
at com.datatorrent.common.util.AsyncFSStorageAgent.flush(AsyncFSStorageAgent.java:156)
at com.datatorrent.stram.plan.physical.PhysicalPlan.initCheckpoint(PhysicalPlan.java:1285)
at com.datatorrent.stram.plan.physical.PhysicalPlan.<init>(PhysicalPlan.java:548)
at com.datatorrent.stram.StreamingContainerManager.<init>(StreamingContainerManager.java:430)
at com.datatorrent.stram.StreamingContainerManager.<init>(StreamingContainerManager.java:418)
at com.datatorrent.stram.StramLocalCluster.<init>(StramLocalCluster.java:314)
at org.apache.apex.engine.EmbeddedAppLauncherImpl.getController(EmbeddedAppLauncherImpl.java:120)
... 46 more
... Removed 28 stack frames]]>
    </failure>
  </testcase> <!-- testApplication on testApplication(MavenProject.Khoa.ApplicationTest) -->
</testsuite> <!-- Surefire test -->
