<?xml version="1.0" encoding="UTF-8"?>
<testsuite xmlns:xsi="http://www.w3.org/2001/XMLSchema-instance" xsi:noNamespaceSchemaLocation="https://maven.apache.org/surefire/maven-surefire-plugin/xsd/surefire-test-report-3.0.xsd" version="3.0" name="MavenProject.Khoa.ApplicationTest" time="0.938" tests="1" errors="0" skipped="0" failures="1">
  <properties>
[...]
</properties>
  <testcase name="testApplication on testApplication(MavenProject.Khoa.ApplicationTest)" classname="MavenProject.Khoa.ApplicationTest" time="0.565">
    <failure message="Error creating local cluster" type="java.lang.RuntimeException"><![CDATA[java.lang.RuntimeException: Error creating local cluster
	at org.apache.apex.engine.EmbeddedAppLauncherImpl.getController(EmbeddedAppLauncherImpl.java:122)
	at org.apache.apex.engine.EmbeddedAppLauncherImpl.getController(EmbeddedAppLauncherImpl.java:46)
	at MavenProject.Khoa.ApplicationTest.testApplication(ApplicationTest.java:30)
	at sun.reflect.NativeMethodAccessorImpl.invoke0(Native Method)
	at sun.reflect.NativeMethodAccessorImpl.invoke(NativeMethodAccessorImpl.java:62)
	at sun.reflect.DelegatingMethodAccessorImpl.invoke(DelegatingMethodAccessorImpl.java:43)
	at java.lang.reflect.Method.invoke(Method.java:498)
	at org.junit.runners.model.FrameworkMethod$1.runReflectiveCall(FrameworkMethod.java:45)
	at org.junit.internal.runners.model.ReflectiveCallable.run(ReflectiveCallable.java:15)
	at org.junit.runners.model.FrameworkMethod.invokeExplosively(FrameworkMethod.java:42)
	at org.junit.internal.runners.statements.InvokeMethod.evaluate(InvokeMethod.java:20)
	at org.junit.runners.ParentRunner.runLeaf(ParentRunner.java:263)
	at org.junit.runners.BlockJUnit4ClassRunner.runChild(BlockJUnit4ClassRunner.java:68)
	at org.junit.runners.BlockJUnit4ClassRunner.runChild(BlockJUnit4ClassRunner.java:47)
	at org.junit.runners.ParentRunner$3.run(ParentRunner.java:231)
	at org.junit.runners.ParentRunner$1.schedule(ParentRunner.java:60)
	at org.junit.runners.ParentRunner.runChildren(ParentRunner.java:229)
	at org.junit.runners.ParentRunner.access$000(ParentRunner.java:50)
	at org.junit.runners.ParentRunner$2.evaluate(ParentRunner.java:222)
	at org.junit.runners.ParentRunner.run(ParentRunner.java:300)
	at org.junit.runner.JUnitCore.run(JUnitCore.java:157)
	at org.junit.runner.JUnitCore.run(JUnitCore.java:136)
	at org.testng.junit.JUnit4TestRunner.start(JUnit4TestRunner.java:81)
	at org.testng.junit.JUnit4TestRunner.run(JUnit4TestRunner.java:66)
	at org.testng.TestRunner$1.run(TestRunner.java:672)
	at java.util.ArrayList.forEach(ArrayList.java:1257)
	at org.testng.TestRunner.runJUnitWorkers(TestRunner.java:871)
	at org.testng.TestRunner.privateRunJUnit(TestRunner.java:701)
	at org.testng.TestRunner.run(TestRunner.java:594)
	at org.testng.SuiteRunner.runTest(SuiteRunner.java:377)
	at org.testng.SuiteRunner.runSequentially(SuiteRunner.java:371)
	at org.testng.SuiteRunner.privateRun(SuiteRunner.java:332)
	at org.testng.SuiteRunner.run(SuiteRunner.java:276)
	at org.testng.SuiteRunnerWorker.runSuite(SuiteRunnerWorker.java:53)
	at org.testng.SuiteRunnerWorker.run(SuiteRunnerWorker.java:96)
	at org.testng.TestNG.runSuitesSequentially(TestNG.java:1212)
	at org.testng.TestNG.runSuitesLocally(TestNG.java:1134)
	at org.testng.TestNG.runSuites(TestNG.java:1063)
	at org.testng.TestNG.run(TestNG.java:1031)
	at org.apache.maven.surefire.testng.TestNGExecutor.run(TestNGExecutor.java:155)
	at org.apache.maven.surefire.testng.TestNGDirectoryTestSuite.executeSingleClass(TestNGDirectoryTestSuite.java:102)
	at org.apache.maven.surefire.testng.TestNGDirectoryTestSuite.execute(TestNGDirectoryTestSuite.java:91)
	at org.apache.maven.surefire.testng.TestNGProvider.invoke(TestNGProvider.java:137)
	at org.apache.maven.surefire.booter.ForkedBooter.runSuitesInProcess(ForkedBooter.java:385)
	at org.apache.maven.surefire.booter.ForkedBooter.execute(ForkedBooter.java:162)
	at org.apache.maven.surefire.booter.ForkedBooter.run(ForkedBooter.java:507)
	at org.apache.maven.surefire.booter.ForkedBooter.main(ForkedBooter.java:495)
Caused by: java.lang.NullPointerException
	at java.lang.ProcessBuilder.start(ProcessBuilder.java:1012)
	at org.apache.hadoop.util.Shell.runCommand(Shell.java:482)
	at org.apache.hadoop.util.Shell.run(Shell.java:455)
	at org.apache.hadoop.util.Shell$ShellCommandExecutor.execute(Shell.java:715)
	at org.apache.hadoop.util.Shell.execCommand(Shell.java:808)
	at org.apache.hadoop.util.Shell.execCommand(Shell.java:791)
	at org.apache.hadoop.fs.RawLocalFileSystem.setPermission(RawLocalFileSystem.java:656)
	at org.apache.hadoop.fs.RawLocalFileSystem.create(RawLocalFileSystem.java:298)
	at org.apache.hadoop.fs.FileSystem.primitiveCreate(FileSystem.java:1014)
	at org.apache.hadoop.fs.DelegateToFileSystem.createInternal(DelegateToFileSystem.java:85)
	at org.apache.hadoop.fs.ChecksumFs$ChecksumFSOutputSummer.<init>(ChecksumFs.java:347)
	at org.apache.hadoop.fs.ChecksumFs.createInternal(ChecksumFs.java:394)
	at org.apache.hadoop.fs.AbstractFileSystem.create(AbstractFileSystem.java:577)
	at org.apache.hadoop.fs.FileContext$3.next(FileContext.java:680)
	at org.apache.hadoop.fs.FileContext$3.next(FileContext.java:676)
	at org.apache.hadoop.fs.FSLinkResolver.resolve(FSLinkResolver.java:90)
	at org.apache.hadoop.fs.FileContext.create(FileContext.java:676)
	at com.datatorrent.common.util.AsyncFSStorageAgent.copyToHDFS(AsyncFSStorageAgent.java:119)
	at com.datatorrent.common.util.AsyncFSStorageAgent.flush(AsyncFSStorageAgent.java:156)
	at com.datatorrent.stram.plan.physical.PhysicalPlan.initCheckpoint(PhysicalPlan.java:1285)
	at com.datatorrent.stram.plan.physical.PhysicalPlan.<init>(PhysicalPlan.java:548)
	at com.datatorrent.stram.StreamingContainerManager.<init>(StreamingContainerManager.java:430)
	at com.datatorrent.stram.StreamingContainerManager.<init>(StreamingContainerManager.java:418)
	at com.datatorrent.stram.StramLocalCluster.<init>(StramLocalCluster.java:314)
	at org.apache.apex.engine.EmbeddedAppLauncherImpl.getController(EmbeddedAppLauncherImpl.java:120)
	... 46 more
]]></failure>
    <system-out><![CDATA[2024-10-25 01:00:09,779 [main] DEBUG logical.LogicalPlanConfiguration <clinit> - Initialized attributes 6637095478751
2024-10-25 01:00:09,858 [main] DEBUG logical.LogicalPlanConfiguration buildAttributeMaps - context class interface com.datatorrent.api.Context$OperatorContext and attributes [Attribute{defaultValue=1, name=com.datatorrent.api.Context.OperatorContext.APPLICATION_WINDOW_COUNT, codec=com.datatorrent.api.StringCodec$Integer2String@222114ba}, Attribute{defaultValue=false, name=com.datatorrent.api.Context.OperatorContext.STATELESS, codec=com.datatorrent.api.StringCodec$Boolean2String@16e7dcfd}, Attribute{defaultValue=0, name=com.datatorrent.api.Context.OperatorContext.VCORES, codec=com.datatorrent.api.StringCodec$Integer2String@222114ba}, Attribute{defaultValue=AT_LEAST_ONCE, name=com.datatorrent.api.Context.OperatorContext.PROCESSING_MODE, codec=com.datatorrent.api.StringCodec$Enum2String@3d121db3}, Attribute{defaultValue=null, name=com.datatorrent.api.Context.OperatorContext.COUNTERS_AGGREGATOR, codec=com.datatorrent.api.StringCodec$Object2String@3b07a0d6}, Attribute{defaultValue=null, name=com.datatorrent.api.Context.OperatorContext.JVM_OPTIONS, codec=com.datatorrent.api.StringCodec$String2String@11a9e7c8}, Attribute{defaultValue=null, name=com.datatorrent.api.Context.OperatorContext.METRICS_DIMENSIONS_SCHEME, codec=com.datatorrent.api.StringCodec$Object2String@3b07a0d6}, Attribute{defaultValue=null, name=com.datatorrent.api.Context.OperatorContext.PARTITIONER, codec=com.datatorrent.api.StringCodec$Object2String@3b07a0d6}, Attribute{defaultValue=-1, name=com.datatorrent.api.Context.OperatorContext.ACTIVATION_WINDOW_ID, codec=com.datatorrent.api.StringCodec$Long2String@3901d134}, Attribute{defaultValue=null, name=com.datatorrent.api.Context.OperatorContext.STORAGE_AGENT, codec=com.datatorrent.api.StringCodec$Object2String@3b07a0d6}, Attribute{defaultValue=null, name=com.datatorrent.api.Context.OperatorContext.LOCALITY_HOST, codec=com.datatorrent.api.StringCodec$String2String@11a9e7c8}, Attribute{defaultValue=false, name=com.datatorrent.api.Context.OperatorContext.AUTO_RECORD, codec=com.datatorrent.api.StringCodec$Boolean2String@16e7dcfd}, Attribute{defaultValue=1024, name=com.datatorrent.api.Context.OperatorContext.MEMORY_MB, codec=com.datatorrent.api.StringCodec$Integer2String@222114ba}, Attribute{defaultValue=null, name=com.datatorrent.api.Context.OperatorContext.LOCALITY_RACK, codec=com.datatorrent.api.StringCodec$String2String@11a9e7c8}, Attribute{defaultValue=null, name=com.datatorrent.api.Context.OperatorContext.SLIDE_BY_WINDOW_COUNT, codec=com.datatorrent.api.StringCodec$Integer2String@222114ba}, Attribute{defaultValue=1, name=com.datatorrent.api.Context.OperatorContext.CHECKPOINT_WINDOW_COUNT, codec=com.datatorrent.api.StringCodec$Integer2String@222114ba}, Attribute{defaultValue=120, name=com.datatorrent.api.Context.OperatorContext.TIMEOUT_WINDOW_COUNT, codec=com.datatorrent.api.StringCodec$Integer2String@222114ba}, Attribute{defaultValue=null, name=com.datatorrent.api.Context.OperatorContext.RECOVERY_ATTEMPTS, codec=com.datatorrent.api.StringCodec$Integer2String@222114ba}, Attribute{defaultValue=10, name=com.datatorrent.api.Context.OperatorContext.SPIN_MILLIS, codec=com.datatorrent.api.StringCodec$Integer2String@222114ba}, Attribute{defaultValue=null, name=com.datatorrent.api.Context.OperatorContext.STATS_LISTENERS, codec=com.datatorrent.api.StringCodec$Collection2String@14d3bc22}, Attribute{defaultValue=null, name=com.datatorrent.api.Context.OperatorContext.METRICS_AGGREGATOR, codec=com.datatorrent.api.StringCodec$Object2String@3b07a0d6}]
2024-10-25 01:00:09,860 [main] DEBUG logical.LogicalPlanConfiguration buildAttributeMaps - context class interface com.datatorrent.api.Context$PortContext and attributes [Attribute{defaultValue=2147483647, name=com.datatorrent.api.Context.PortContext.UNIFIER_LIMIT, codec=com.datatorrent.api.StringCodec$Integer2String@222114ba}, Attribute{defaultValue=false, name=com.datatorrent.api.Context.PortContext.AUTO_RECORD, codec=com.datatorrent.api.StringCodec$Boolean2String@16e7dcfd}, Attribute{defaultValue=false, name=com.datatorrent.api.Context.PortContext.IS_OUTPUT_UNIFIED, codec=com.datatorrent.api.StringCodec$Boolean2String@16e7dcfd}, Attribute{defaultValue=false, name=com.datatorrent.api.Context.PortContext.PARTITION_PARALLEL, codec=com.datatorrent.api.StringCodec$Boolean2String@16e7dcfd}, Attribute{defaultValue=1024, name=com.datatorrent.api.Context.PortContext.QUEUE_CAPACITY, codec=com.datatorrent.api.StringCodec$Integer2String@222114ba}, Attribute{defaultValue=10, name=com.datatorrent.api.Context.PortContext.SPIN_MILLIS, codec=com.datatorrent.api.StringCodec$Integer2String@222114ba}, Attribute{defaultValue=512, name=com.datatorrent.api.Context.PortContext.BUFFER_MEMORY_MB, codec=com.datatorrent.api.StringCodec$Integer2String@222114ba}, Attribute{defaultValue=false, name=com.datatorrent.api.Context.PortContext.UNIFIER_SINGLE_FINAL, codec=com.datatorrent.api.StringCodec$Boolean2String@16e7dcfd}, Attribute{defaultValue=null, name=com.datatorrent.api.Context.PortContext.STREAM_CODEC, codec=com.datatorrent.api.StringCodec$Object2String@3b07a0d6}, Attribute{defaultValue=null, name=com.datatorrent.api.Context.PortContext.TUPLE_CLASS, codec=com.datatorrent.api.StringCodec$Class2String@7b227d8d}]
2024-10-25 01:00:09,861 [main] DEBUG logical.LogicalPlanConfiguration buildAttributeMaps - context class interface com.datatorrent.api.Context$DAGContext and attributes [Attribute{defaultValue=30, name=com.datatorrent.api.Context.DAGContext.HEARTBEAT_LISTENER_THREAD_COUNT, codec=com.datatorrent.api.StringCodec$Integer2String@222114ba}, Attribute{defaultValue=false, name=com.datatorrent.api.Context.DAGContext.DEBUG, codec=com.datatorrent.api.StringCodec$Boolean2String@16e7dcfd}, Attribute{defaultValue=FOLLOW_HADOOP_AUTH, name=com.datatorrent.api.Context.DAGContext.STRAM_HTTP_AUTHENTICATION, codec=com.datatorrent.api.StringCodec$Enum2String@7219ec67}, Attribute{defaultValue=2147483647, name=com.datatorrent.api.Context.DAGContext.MAX_CONSECUTIVE_CONTAINER_FAILURES_FOR_BLACKLIST, codec=com.datatorrent.api.StringCodec$Integer2String@222114ba}, Attribute{defaultValue=500, name=com.datatorrent.api.Context.DAGContext.STREAMING_WINDOW_SIZE_MILLIS, codec=com.datatorrent.api.StringCodec$Integer2String@222114ba}, Attribute{defaultValue=null, name=com.datatorrent.api.Context.DAGContext.CONTAINER_OPTS_CONFIGURATOR, codec=com.datatorrent.api.StringCodec$Object2String@3b07a0d6}, Attribute{defaultValue=null, name=com.datatorrent.api.Context.DAGContext.APPLICATION_PATH, codec=com.datatorrent.api.StringCodec$String2String@11a9e7c8}, Attribute{defaultValue=1000, name=com.datatorrent.api.Context.DAGContext.HEARTBEAT_INTERVAL_MILLIS, codec=com.datatorrent.api.StringCodec$Integer2String@222114ba}, Attribute{defaultValue=2147483647, name=com.datatorrent.api.Context.DAGContext.RESOURCE_ALLOCATION_TIMEOUT_MILLIS, codec=com.datatorrent.api.StringCodec$Integer2String@222114ba}, Attribute{defaultValue=false, name=com.datatorrent.api.Context.DAGContext.ENABLE_STATS_RECORDING, codec=com.datatorrent.api.StringCodec$Boolean2String@16e7dcfd}, Attribute{defaultValue=null, name=com.datatorrent.api.Context.DAGContext.STRING_CODECS, codec=com.datatorrent.api.StringCodec$Map2String@45018215}, Attribute{defaultValue=null, name=com.datatorrent.api.Context.DAGContext.APP_PACKAGE_SOURCE, codec=com.datatorrent.api.StringCodec$String2String@11a9e7c8}, Attribute{defaultValue=1000, name=com.datatorrent.api.Context.DAGContext.THROUGHPUT_CALCULATION_MAX_SAMPLES, codec=com.datatorrent.api.StringCodec$Integer2String@222114ba}, Attribute{defaultValue=100, name=com.datatorrent.api.Context.DAGContext.RPC_LATENCY_COMPENSATION_SAMPLES, codec=com.datatorrent.api.StringCodec$Integer2String@222114ba}, Attribute{defaultValue=null, name=com.datatorrent.api.Context.DAGContext.GATEWAY_PASSWORD, codec=com.datatorrent.api.StringCodec$String2String@11a9e7c8}, Attribute{defaultValue=60, name=com.datatorrent.api.Context.DAGContext.CHECKPOINT_WINDOW_COUNT, codec=com.datatorrent.api.StringCodec$Integer2String@222114ba}, Attribute{defaultValue=null, name=com.datatorrent.api.Context.DAGContext.LOGGER_APPENDER, codec=com.datatorrent.api.StringCodec$String2String@11a9e7c8}, Attribute{defaultValue=10000, name=com.datatorrent.api.Context.DAGContext.THROUGHPUT_CALCULATION_INTERVAL, codec=com.datatorrent.api.StringCodec$Integer2String@222114ba}, Attribute{defaultValue=30000, name=com.datatorrent.api.Context.DAGContext.HEARTBEAT_TIMEOUT_MILLIS, codec=com.datatorrent.api.StringCodec$Integer2String@222114ba}, Attribute{defaultValue=1000, name=com.datatorrent.api.Context.DAGContext.STATS_MAX_ALLOWABLE_WINDOWS_LAG, codec=com.datatorrent.api.StringCodec$Integer2String@222114ba}, Attribute{defaultValue=null, name=com.datatorrent.api.Context.DAGContext.METRICS_TRANSPORT, codec=com.datatorrent.api.StringCodec$Object2String@3b07a0d6}, Attribute{defaultValue=unknown-application-name, name=com.datatorrent.api.Context.DAGContext.APPLICATION_NAME, codec=com.datatorrent.api.StringCodec$String2String@11a9e7c8}, Attribute{defaultValue=1024, name=com.datatorrent.api.Context.DAGContext.MASTER_MEMORY_MB, codec=com.datatorrent.api.StringCodec$Integer2String@222114ba}, Attribute{defaultValue=500, name=com.datatorrent.api.Context.DAGContext.PUBSUB_CONNECT_TIMEOUT_MILLIS, codec=com.datatorrent.api.StringCodec$Integer2String@222114ba}, Attribute{defaultValue=131072, name=com.datatorrent.api.Context.DAGContext.TUPLE_RECORDING_PART_FILE_SIZE, codec=com.datatorrent.api.StringCodec$Integer2String@222114ba}, Attribute{defaultValue=null, name=com.datatorrent.api.Context.DAGContext.AFFINITY_RULES_SET, codec=com.datatorrent.api.StringCodec$JsonStringCodec@65d6b83b}, Attribute{defaultValue=null, name=com.datatorrent.api.Context.DAGContext.GATEWAY_USER_NAME, codec=com.datatorrent.api.StringCodec$String2String@11a9e7c8}, Attribute{defaultValue=null, name=com.datatorrent.api.Context.DAGContext.APPLICATION_DOC_LINK, codec=com.datatorrent.api.StringCodec$String2String@11a9e7c8}, Attribute{defaultValue=null, name=com.datatorrent.api.Context.DAGContext.APPLICATION_DATA_LINK, codec=com.datatorrent.api.StringCodec$String2String@11a9e7c8}, Attribute{defaultValue=null, name=com.datatorrent.api.Context.DAGContext.CONTAINER_JVM_OPTIONS, codec=com.datatorrent.api.StringCodec$String2String@11a9e7c8}, Attribute{defaultValue=null, name=com.datatorrent.api.Context.DAGContext.GATEWAY_CONNECT_ADDRESS, codec=com.datatorrent.api.StringCodec$String2String@11a9e7c8}, Attribute{defaultValue=false, name=com.datatorrent.api.Context.DAGContext.GATEWAY_USE_SSL, codec=com.datatorrent.api.StringCodec$Boolean2String@16e7dcfd}, Attribute{defaultValue=null, name=com.datatorrent.api.Context.DAGContext.APPLICATION_ID, codec=com.datatorrent.api.StringCodec$String2String@11a9e7c8}, Attribute{defaultValue=108000000, name=com.datatorrent.api.Context.DAGContext.TUPLE_RECORDING_PART_FILE_TIME_MILLIS, codec=com.datatorrent.api.StringCodec$Integer2String@222114ba}, Attribute{defaultValue=3600000, name=com.datatorrent.api.Context.DAGContext.BLACKLISTED_NODE_REMOVAL_TIME_MILLIS, codec=com.datatorrent.api.StringCodec$Long2String@3901d134}, Attribute{defaultValue=true, name=com.datatorrent.api.Context.DAGContext.BUFFER_SPOOLING, codec=com.datatorrent.api.StringCodec$Boolean2String@16e7dcfd}, Attribute{defaultValue=null, name=com.datatorrent.api.Context.DAGContext.LIBRARY_JARS, codec=com.datatorrent.api.StringCodec$String2String@11a9e7c8}, Attribute{defaultValue=null, name=com.datatorrent.api.Context.DAGContext.SSL_CONFIG, codec=com.datatorrent.api.StringCodec$JsonStringCodec@d706f19}]
2024-10-25 01:00:09,882 [main] DEBUG logical.LogicalPlan <init> - Initializing randomGenerator as MavenProject.Khoa.RandomNumberGenerator
2024-10-25 01:00:09,884 [main] DEBUG logical.LogicalPlan <init> - Initializing console as com.datatorrent.lib.io.ConsoleOutputOperator
2024-10-25 01:00:10,044 [main] DEBUG stram.StramLocalCluster cloneLogicalPlan - serialized size: 4143
2024-10-25 01:00:10,140 [main] WARN  util.NativeCodeLoader <clinit> - Unable to load native-hadoop library for your platform... using builtin-java classes where applicable
2024-10-25 01:00:10,144 [main] ERROR util.Shell getWinUtilsPath - Failed to locate the winutils binary in the hadoop binary path
java.io.IOException: Could not locate executable null\bin\winutils.exe in the Hadoop binaries.
	at org.apache.hadoop.util.Shell.getQualifiedBinPath(Shell.java:355)
	at org.apache.hadoop.util.Shell.getWinUtilsPath(Shell.java:370)
	at org.apache.hadoop.util.Shell.<clinit>(Shell.java:363)
	at org.apache.hadoop.util.StringUtils.<clinit>(StringUtils.java:79)
	at org.apache.hadoop.security.Groups.parseStaticMapping(Groups.java:104)
	at org.apache.hadoop.security.Groups.<init>(Groups.java:86)
	at org.apache.hadoop.security.Groups.<init>(Groups.java:66)
	at org.apache.hadoop.security.Groups.getUserToGroupsMappingService(Groups.java:280)
	at org.apache.hadoop.security.UserGroupInformation.initialize(UserGroupInformation.java:271)
	at org.apache.hadoop.security.UserGroupInformation.ensureInitialized(UserGroupInformation.java:248)
	at org.apache.hadoop.security.UserGroupInformation.loginUserFromSubject(UserGroupInformation.java:763)
	at org.apache.hadoop.security.UserGroupInformation.getLoginUser(UserGroupInformation.java:748)
	at org.apache.hadoop.security.UserGroupInformation.getCurrentUser(UserGroupInformation.java:621)
	at org.apache.hadoop.fs.FileContext.getFileContext(FileContext.java:447)
	at org.apache.hadoop.fs.FileContext.getFileContext(FileContext.java:425)
	at org.apache.hadoop.fs.FileContext.getLocalFSFileContext(FileContext.java:411)
	at com.datatorrent.stram.StramLocalCluster.<init>(StramLocalCluster.java:303)
	at org.apache.apex.engine.EmbeddedAppLauncherImpl.getController(EmbeddedAppLauncherImpl.java:120)
	at org.apache.apex.engine.EmbeddedAppLauncherImpl.getController(EmbeddedAppLauncherImpl.java:46)
	at MavenProject.Khoa.ApplicationTest.testApplication(ApplicationTest.java:30)
	at sun.reflect.NativeMethodAccessorImpl.invoke0(Native Method)
	at sun.reflect.NativeMethodAccessorImpl.invoke(NativeMethodAccessorImpl.java:62)
	at sun.reflect.DelegatingMethodAccessorImpl.invoke(DelegatingMethodAccessorImpl.java:43)
	at java.lang.reflect.Method.invoke(Method.java:498)
	at org.junit.runners.model.FrameworkMethod$1.runReflectiveCall(FrameworkMethod.java:45)
	at org.junit.internal.runners.model.ReflectiveCallable.run(ReflectiveCallable.java:15)
	at org.junit.runners.model.FrameworkMethod.invokeExplosively(FrameworkMethod.java:42)
	at org.junit.internal.runners.statements.InvokeMethod.evaluate(InvokeMethod.java:20)
	at org.junit.runners.ParentRunner.runLeaf(ParentRunner.java:263)
	at org.junit.runners.BlockJUnit4ClassRunner.runChild(BlockJUnit4ClassRunner.java:68)
	at org.junit.runners.BlockJUnit4ClassRunner.runChild(BlockJUnit4ClassRunner.java:47)
	at org.junit.runners.ParentRunner$3.run(ParentRunner.java:231)
	at org.junit.runners.ParentRunner$1.schedule(ParentRunner.java:60)
	at org.junit.runners.ParentRunner.runChildren(ParentRunner.java:229)
	at org.junit.runners.ParentRunner.access$000(ParentRunner.java:50)
	at org.junit.runners.ParentRunner$2.evaluate(ParentRunner.java:222)
	at org.junit.runners.ParentRunner.run(ParentRunner.java:300)
	at org.junit.runner.JUnitCore.run(JUnitCore.java:157)
	at org.junit.runner.JUnitCore.run(JUnitCore.java:136)
	at org.testng.junit.JUnit4TestRunner.start(JUnit4TestRunner.java:81)
	at org.testng.junit.JUnit4TestRunner.run(JUnit4TestRunner.java:66)
	at org.testng.TestRunner$1.run(TestRunner.java:672)
	at java.util.ArrayList.forEach(ArrayList.java:1257)
	at org.testng.TestRunner.runJUnitWorkers(TestRunner.java:871)
	at org.testng.TestRunner.privateRunJUnit(TestRunner.java:701)
	at org.testng.TestRunner.run(TestRunner.java:594)
	at org.testng.SuiteRunner.runTest(SuiteRunner.java:377)
	at org.testng.SuiteRunner.runSequentially(SuiteRunner.java:371)
	at org.testng.SuiteRunner.privateRun(SuiteRunner.java:332)
	at org.testng.SuiteRunner.run(SuiteRunner.java:276)
	at org.testng.SuiteRunnerWorker.runSuite(SuiteRunnerWorker.java:53)
	at org.testng.SuiteRunnerWorker.run(SuiteRunnerWorker.java:96)
	at org.testng.TestNG.runSuitesSequentially(TestNG.java:1212)
	at org.testng.TestNG.runSuitesLocally(TestNG.java:1134)
	at org.testng.TestNG.runSuites(TestNG.java:1063)
	at org.testng.TestNG.run(TestNG.java:1031)
	at org.apache.maven.surefire.testng.TestNGExecutor.run(TestNGExecutor.java:155)
	at org.apache.maven.surefire.testng.TestNGDirectoryTestSuite.executeSingleClass(TestNGDirectoryTestSuite.java:102)
	at org.apache.maven.surefire.testng.TestNGDirectoryTestSuite.execute(TestNGDirectoryTestSuite.java:91)
	at org.apache.maven.surefire.testng.TestNGProvider.invoke(TestNGProvider.java:137)
	at org.apache.maven.surefire.booter.ForkedBooter.runSuitesInProcess(ForkedBooter.java:385)
	at org.apache.maven.surefire.booter.ForkedBooter.execute(ForkedBooter.java:162)
	at org.apache.maven.surefire.booter.ForkedBooter.run(ForkedBooter.java:507)
	at org.apache.maven.surefire.booter.ForkedBooter.main(ForkedBooter.java:495)
2024-10-25 01:00:10,177 [main] DEBUG util.FSStorageAgent <init> - Initialize storage agent with file:/C:/Users/KhoaTran/eclipse-workspace/Khoa/target/com.datatorrent.stram.StramLocalCluster/checkpoints.
2024-10-25 01:00:10,221 [main] DEBUG physical.PhysicalPlan <init> - Max containers: 2147483647
2024-10-25 01:00:10,227 [main] DEBUG physical.PhysicalPlan updateStreamMappings - update stream mapping for OperatorMeta{name=randomGenerator, operator=RandomNumberGenerator{name=null}, attributes={}} out
2024-10-25 01:00:10,228 [main] DEBUG physical.PhysicalPlan updateStreamMappings - update upstream stream mapping for OperatorMeta{name=randomGenerator, operator=RandomNumberGenerator{name=null}, attributes={}} out
2024-10-25 01:00:10,228 [main] DEBUG physical.PhysicalPlan <init> - Operator console Partition 2 CONTAINER LOCAL Operator set  = console,randomGenerator
2024-10-25 01:00:10,230 [main] DEBUG physical.PhysicalPlan <init> - Operator console Partition 2 NODE LOCAL Operator set  = console
2024-10-25 01:00:10,230 [main] DEBUG physical.PhysicalPlan <init> - Operator randomGenerator Partition 1 CONTAINER LOCAL Operator set  = console,randomGenerator
2024-10-25 01:00:10,230 [main] DEBUG physical.PhysicalPlan <init> - Operator randomGenerator Partition 1 NODE LOCAL Operator set  = randomGenerator
2024-10-25 01:00:10,237 [main] DEBUG physical.PhysicalPlan setContainer - Setting container PTContainer[id=1(null),state=NEW,operators=[]] for PTOperator[id=2,name=console,state=INACTIVE]
2024-10-25 01:00:10,237 [main] DEBUG physical.PhysicalPlan setContainer - Setting container PTContainer[id=1(null),state=NEW,operators=[PTOperator[id=2,name=console,state=INACTIVE]]] for PTOperator[id=1,name=randomGenerator,state=INACTIVE]
2024-10-25 01:00:10,237 [main] DEBUG physical.PhysicalPlan <init> - Container with operators [console,randomGenerator] has anti affinity with []
2024-10-25 01:00:10,237 [main] DEBUG physical.PhysicalPlan initCheckpoint - Writing activation checkpoint {ffffffffffffffff, 0, 0} PTOperator[id=2,name=console,state=INACTIVE] ConsoleOutputOperator{name=null}
2024-10-25 01:00:10,238 [main] INFO  util.AsyncFSStorageAgent save - using C:\Users\KhoaTran\AppData\Local\Temp\chkp2321126218515998193 as the basepath for checkpointing.
2024-10-25 01:00:10,249 [main] DEBUG util.AsyncFSStorageAgent copyToHDFS - while saving 2 ffffffffffffffff
java.lang.NullPointerException
	at java.lang.ProcessBuilder.start(ProcessBuilder.java:1012)
	at org.apache.hadoop.util.Shell.runCommand(Shell.java:482)
	at org.apache.hadoop.util.Shell.run(Shell.java:455)
	at org.apache.hadoop.util.Shell$ShellCommandExecutor.execute(Shell.java:715)
	at org.apache.hadoop.util.Shell.execCommand(Shell.java:808)
	at org.apache.hadoop.util.Shell.execCommand(Shell.java:791)
	at org.apache.hadoop.fs.RawLocalFileSystem.setPermission(RawLocalFileSystem.java:656)
	at org.apache.hadoop.fs.RawLocalFileSystem.create(RawLocalFileSystem.java:298)
	at org.apache.hadoop.fs.FileSystem.primitiveCreate(FileSystem.java:1014)
	at org.apache.hadoop.fs.DelegateToFileSystem.createInternal(DelegateToFileSystem.java:85)
	at org.apache.hadoop.fs.ChecksumFs$ChecksumFSOutputSummer.<init>(ChecksumFs.java:347)
	at org.apache.hadoop.fs.ChecksumFs.createInternal(ChecksumFs.java:394)
	at org.apache.hadoop.fs.AbstractFileSystem.create(AbstractFileSystem.java:577)
	at org.apache.hadoop.fs.FileContext$3.next(FileContext.java:680)
	at org.apache.hadoop.fs.FileContext$3.next(FileContext.java:676)
	at org.apache.hadoop.fs.FSLinkResolver.resolve(FSLinkResolver.java:90)
	at org.apache.hadoop.fs.FileContext.create(FileContext.java:676)
	at com.datatorrent.common.util.AsyncFSStorageAgent.copyToHDFS(AsyncFSStorageAgent.java:119)
	at com.datatorrent.common.util.AsyncFSStorageAgent.flush(AsyncFSStorageAgent.java:156)
	at com.datatorrent.stram.plan.physical.PhysicalPlan.initCheckpoint(PhysicalPlan.java:1285)
	at com.datatorrent.stram.plan.physical.PhysicalPlan.<init>(PhysicalPlan.java:548)
	at com.datatorrent.stram.StreamingContainerManager.<init>(StreamingContainerManager.java:430)
	at com.datatorrent.stram.StreamingContainerManager.<init>(StreamingContainerManager.java:418)
	at com.datatorrent.stram.StramLocalCluster.<init>(StramLocalCluster.java:314)
	at org.apache.apex.engine.EmbeddedAppLauncherImpl.getController(EmbeddedAppLauncherImpl.java:120)
	at org.apache.apex.engine.EmbeddedAppLauncherImpl.getController(EmbeddedAppLauncherImpl.java:46)
	at MavenProject.Khoa.ApplicationTest.testApplication(ApplicationTest.java:30)
	at sun.reflect.NativeMethodAccessorImpl.invoke0(Native Method)
	at sun.reflect.NativeMethodAccessorImpl.invoke(NativeMethodAccessorImpl.java:62)
	at sun.reflect.DelegatingMethodAccessorImpl.invoke(DelegatingMethodAccessorImpl.java:43)
	at java.lang.reflect.Method.invoke(Method.java:498)
	at org.junit.runners.model.FrameworkMethod$1.runReflectiveCall(FrameworkMethod.java:45)
	at org.junit.internal.runners.model.ReflectiveCallable.run(ReflectiveCallable.java:15)
	at org.junit.runners.model.FrameworkMethod.invokeExplosively(FrameworkMethod.java:42)
	at org.junit.internal.runners.statements.InvokeMethod.evaluate(InvokeMethod.java:20)
	at org.junit.runners.ParentRunner.runLeaf(ParentRunner.java:263)
	at org.junit.runners.BlockJUnit4ClassRunner.runChild(BlockJUnit4ClassRunner.java:68)
	at org.junit.runners.BlockJUnit4ClassRunner.runChild(BlockJUnit4ClassRunner.java:47)
	at org.junit.runners.ParentRunner$3.run(ParentRunner.java:231)
	at org.junit.runners.ParentRunner$1.schedule(ParentRunner.java:60)
	at org.junit.runners.ParentRunner.runChildren(ParentRunner.java:229)
	at org.junit.runners.ParentRunner.access$000(ParentRunner.java:50)
	at org.junit.runners.ParentRunner$2.evaluate(ParentRunner.java:222)
	at org.junit.runners.ParentRunner.run(ParentRunner.java:300)
	at org.junit.runner.JUnitCore.run(JUnitCore.java:157)
	at org.junit.runner.JUnitCore.run(JUnitCore.java:136)
	at org.testng.junit.JUnit4TestRunner.start(JUnit4TestRunner.java:81)
	at org.testng.junit.JUnit4TestRunner.run(JUnit4TestRunner.java:66)
	at org.testng.TestRunner$1.run(TestRunner.java:672)
	at java.util.ArrayList.forEach(ArrayList.java:1257)
	at org.testng.TestRunner.runJUnitWorkers(TestRunner.java:871)
	at org.testng.TestRunner.privateRunJUnit(TestRunner.java:701)
	at org.testng.TestRunner.run(TestRunner.java:594)
	at org.testng.SuiteRunner.runTest(SuiteRunner.java:377)
	at org.testng.SuiteRunner.runSequentially(SuiteRunner.java:371)
	at org.testng.SuiteRunner.privateRun(SuiteRunner.java:332)
	at org.testng.SuiteRunner.run(SuiteRunner.java:276)
	at org.testng.SuiteRunnerWorker.runSuite(SuiteRunnerWorker.java:53)
	at org.testng.SuiteRunnerWorker.run(SuiteRunnerWorker.java:96)
	at org.testng.TestNG.runSuitesSequentially(TestNG.java:1212)
	at org.testng.TestNG.runSuitesLocally(TestNG.java:1134)
	at org.testng.TestNG.runSuites(TestNG.java:1063)
	at org.testng.TestNG.run(TestNG.java:1031)
	at org.apache.maven.surefire.testng.TestNGExecutor.run(TestNGExecutor.java:155)
	at org.apache.maven.surefire.testng.TestNGDirectoryTestSuite.executeSingleClass(TestNGDirectoryTestSuite.java:102)
	at org.apache.maven.surefire.testng.TestNGDirectoryTestSuite.execute(TestNGDirectoryTestSuite.java:91)
	at org.apache.maven.surefire.testng.TestNGProvider.invoke(TestNGProvider.java:137)
	at org.apache.maven.surefire.booter.ForkedBooter.runSuitesInProcess(ForkedBooter.java:385)
	at org.apache.maven.surefire.booter.ForkedBooter.execute(ForkedBooter.java:162)
	at org.apache.maven.surefire.booter.ForkedBooter.run(ForkedBooter.java:507)
	at org.apache.maven.surefire.booter.ForkedBooter.main(ForkedBooter.java:495)
]]></system-out>
  </testcase>
</testsuite>